# JRE version: OpenJDK Runtime Environment GraalVM CE 22.3.0 (17.0.5+8) (build 17.0.5+8-jvmci-22.3-b08)
# Java VM: OpenJDK 64-Bit Server VM GraalVM CE 22.3.0 (17.0.5+8-jvmci-22.3-b08, mixed mode, sharing, tiered, jvmci, jvmci compiler, compressed oops, compressed class ptrs, parallel gc, linux-amd64)
GC Precious Log:
 CPUs: 8 total, 1 available
 Memory: 1024M
 Large Page Support: Disabled
 NUMA Support: Disabled
 Compressed Oops: Enabled (32-bit)
 Alignments: Space 512K, Generation 512K, Heap 2M
 Heap Min Capacity: 100M
 Heap Initial Capacity: 100M
 Heap Max Capacity: 512M
 Pre-touch: Disabled
 Parallel Workers: 1
Heap:
 PSYoungGen      total 42496K, used 27135K [0x00000000f5580000, 0x00000000fb200000, 0x0000000100000000)
  eden space 27136K, 99% used [0x00000000f5580000,0x00000000f6fffff8,0x00000000f7000000)
  from space 15360K, 0% used [0x00000000f9080000,0x00000000f9080000,0x00000000f9f80000)
  to   space 33280K, 0% used [0x00000000f7000000,0x00000000f7000000,0x00000000f9080000)
 ParOldGen       total 349696K, used 349695K [0x00000000e0000000, 0x00000000f5580000, 0x00000000f5580000)
  object space 349696K, 99% used [0x00000000e0000000,0x00000000f557fff8,0x00000000f5580000)
 Metaspace       used 57456K, committed 58496K, reserved 1105920K
  class space    used 5672K, committed 6144K, reserved 1048576K
GC Heap History (20 events):
Event: 1603.219 GC heap before
{Heap before GC invocations=1280 (full 1177):
 PSYoungGen      total 42496K, used 27135K [0x00000000f5580000, 0x00000000fb200000, 0x0000000100000000)
  eden space 27136K, 99% used [0x00000000f5580000,0x00000000f6fffff8,0x00000000f7000000)
  from space 15360K, 0% used [0x00000000f9080000,0x00000000f9080000,0x00000000f9f80000)
  to   space 33280K, 0% used [0x00000000f7000000,0x00000000f7000000,0x00000000f9080000)
 ParOldGen       total 349696K, used 349695K [0x00000000e0000000, 0x00000000f5580000, 0x00000000f5580000)
  object space 349696K, 99% used [0x00000000e0000000,0x00000000f557fec0,0x00000000f5580000)
 Metaspace       used 57456K, committed 58496K, reserved 1105920K
  class space    used 5672K, committed 6144K, reserved 1048576K
}
Event: 1604.411 GC heap after
{Heap after GC invocations=1280 (full 1177):
 PSYoungGen      total 60416K, used 27135K [0x00000000f5580000, 0x00000000fb200000, 0x0000000100000000)
  eden space 27136K, 99% used [0x00000000f5580000,0x00000000f6ffff68,0x00000000f7000000)
  from space 33280K, 0% used [0x00000000f7000000,0x00000000f7000000,0x00000000f9080000)
  to   space 15360K, 0% used [0x00000000f9080000,0x00000000f9080000,0x00000000f9f80000)
 ParOldGen       total 349696K, used 349695K [0x00000000e0000000, 0x00000000f5580000, 0x00000000f5580000)
  object space 349696K, 99% used [0x00000000e0000000,0x00000000f557fc90,0x00000000f5580000)
 Metaspace       used 57456K, committed 58496K, reserved 1105920K
  class space    used 5672K, committed 6144K, reserved 1048576K
}
Event: 1604.411 GC heap before
{Heap before GC invocations=1281 (full 1178):
 PSYoungGen      total 60416K, used 27135K [0x00000000f5580000, 0x00000000fb200000, 0x0000000100000000)
  eden space 27136K, 99% used [0x00000000f5580000,0x00000000f6fffff8,0x00000000f7000000)
  from space 33280K, 0% used [0x00000000f7000000,0x00000000f7000000,0x00000000f9080000)
  to   space 15360K, 0% used [0x00000000f9080000,0x00000000f9080000,0x00000000f9f80000)
 ParOldGen       total 349696K, used 349695K [0x00000000e0000000, 0x00000000f5580000, 0x00000000f5580000)
  object space 349696K, 99% used [0x00000000e0000000,0x00000000f557fc90,0x00000000f5580000)
 Metaspace       used 57456K, committed 58496K, reserved 1105920K
  class space    used 5672K, committed 6144K, reserved 1048576K
}
Event: 1605.618 GC heap after
{Heap after GC invocations=1281 (full 1178):
 PSYoungGen      total 42496K, used 27135K [0x00000000f5580000, 0x00000000fb200000, 0x0000000100000000)
  eden space 27136K, 99% used [0x00000000f5580000,0x00000000f6ffff88,0x00000000f7000000)
  from space 15360K, 0% used [0x00000000f9080000,0x00000000f9080000,0x00000000f9f80000)
  to   space 33280K, 0% used [0x00000000f7000000,0x00000000f7000000,0x00000000f9080000)
 ParOldGen       total 349696K, used 349695K [0x00000000e0000000, 0x00000000f5580000, 0x00000000f5580000)
  object space 349696K, 99% used [0x00000000e0000000,0x00000000f557fc70,0x00000000f5580000)
 Metaspace       used 57456K, committed 58496K, reserved 1105920K
  class space    used 5672K, committed 6144K, reserved 1048576K
}
Event: 1605.618 GC heap before
{Heap before GC invocations=1282 (full 1179):
 PSYoungGen      total 42496K, used 27135K [0x00000000f5580000, 0x00000000fb200000, 0x0000000100000000)
  eden space 27136K, 99% used [0x00000000f5580000,0x00000000f6fffff8,0x00000000f7000000)
  from space 15360K, 0% used [0x00000000f9080000,0x00000000f9080000,0x00000000f9f80000)
  to   space 33280K, 0% used [0x00000000f7000000,0x00000000f7000000,0x00000000f9080000)
 ParOldGen       total 349696K, used 349695K [0x00000000e0000000, 0x00000000f5580000, 0x00000000f5580000)
  object space 349696K, 99% used [0x00000000e0000000,0x00000000f557fc70,0x00000000f5580000)
 Metaspace       used 57456K, committed 58496K, reserved 1105920K
  class space    used 5672K, committed 6144K, reserved 1048576K
}
Event: 1606.705 GC heap after
{Heap after GC invocations=1282 (full 1179):
 PSYoungGen      total 60416K, used 27135K [0x00000000f5580000, 0x00000000fb200000, 0x0000000100000000)
  eden space 27136K, 99% used [0x00000000f5580000,0x00000000f6ffff88,0x00000000f7000000)
  from space 33280K, 0% used [0x00000000f7000000,0x00000000f7000000,0x00000000f9080000)
  to   space 15360K, 0% used [0x00000000f9080000,0x00000000f9080000,0x00000000f9f80000)
 ParOldGen       total 349696K, used 349695K [0x00000000e0000000, 0x00000000f5580000, 0x00000000f5580000)
  object space 349696K, 99% used [0x00000000e0000000,0x00000000f557fc70,0x00000000f5580000)
 Metaspace       used 57456K, committed 58496K, reserved 1105920K
  class space    used 5672K, committed 6144K, reserved 1048576K
}
Event: 1606.705 GC heap before
{Heap before GC invocations=1283 (full 1180):
 PSYoungGen      total 60416K, used 27135K [0x00000000f5580000, 0x00000000fb200000, 0x0000000100000000)
  eden space 27136K, 99% used [0x00000000f5580000,0x00000000f6fffff8,0x00000000f7000000)
  from space 33280K, 0% used [0x00000000f7000000,0x00000000f7000000,0x00000000f9080000)
  to   space 15360K, 0% used [0x00000000f9080000,0x00000000f9080000,0x00000000f9f80000)
 ParOldGen       total 349696K, used 349695K [0x00000000e0000000, 0x00000000f5580000, 0x00000000f5580000)
  object space 349696K, 99% used [0x00000000e0000000,0x00000000f557fc70,0x00000000f5580000)
 Metaspace       used 57456K, committed 58496K, reserved 1105920K
  class space    used 5672K, committed 6144K, reserved 1048576K
}
Event: 1607.805 GC heap after
{Heap after GC invocations=1283 (full 1180):
 PSYoungGen      total 42496K, used 27135K [0x00000000f5580000, 0x00000000fb200000, 0x0000000100000000)
  eden space 27136K, 99% used [0x00000000f5580000,0x00000000f6ffff88,0x00000000f7000000)
  from space 15360K, 0% used [0x00000000f9080000,0x00000000f9080000,0x00000000f9f80000)
  to   space 33280K, 0% used [0x00000000f7000000,0x00000000f7000000,0x00000000f9080000)
 ParOldGen       total 349696K, used 349695K [0x00000000e0000000, 0x00000000f5580000, 0x00000000f5580000)
  object space 349696K, 99% used [0x00000000e0000000,0x00000000f557fc70,0x00000000f5580000)
 Metaspace       used 57456K, committed 58496K, reserved 1105920K
  class space    used 5672K, committed 6144K, reserved 1048576K
}
Event: 1607.805 GC heap before
{Heap before GC invocations=1284 (full 1181):
 PSYoungGen      total 42496K, used 27136K [0x00000000f5580000, 0x00000000fb200000, 0x0000000100000000)
  eden space 27136K, 100% used [0x00000000f5580000,0x00000000f7000000,0x00000000f7000000)
  from space 15360K, 0% used [0x00000000f9080000,0x00000000f9080000,0x00000000f9f80000)
  to   space 33280K, 0% used [0x00000000f7000000,0x00000000f7000000,0x00000000f9080000)
 ParOldGen       total 349696K, used 349695K [0x00000000e0000000, 0x00000000f5580000, 0x00000000f5580000)
  object space 349696K, 99% used [0x00000000e0000000,0x00000000f557fc70,0x00000000f5580000)
 Metaspace       used 57456K, committed 58496K, reserved 1105920K
  class space    used 5672K, committed 6144K, reserved 1048576K
}
Event: 1608.899 GC heap after
{Heap after GC invocations=1284 (full 1181):
 PSYoungGen      total 60416K, used 27135K [0x00000000f5580000, 0x00000000fb200000, 0x0000000100000000)
  eden space 27136K, 99% used [0x00000000f5580000,0x00000000f6ffffa0,0x00000000f7000000)
  from space 33280K, 0% used [0x00000000f7000000,0x00000000f7000000,0x00000000f9080000)
  to   space 15360K, 0% used [0x00000000f9080000,0x00000000f9080000,0x00000000f9f80000)
 ParOldGen       total 349696K, used 349695K [0x00000000e0000000, 0x00000000f5580000, 0x00000000f5580000)
  object space 349696K, 99% used [0x00000000e0000000,0x00000000f557fc70,0x00000000f5580000)
 Metaspace       used 57456K, committed 58496K, reserved 1105920K
  class space    used 5672K, committed 6144K, reserved 1048576K
}
Event: 1608.899 GC heap before
{Heap before GC invocations=1285 (full 1182):
 PSYoungGen      total 60416K, used 27136K [0x00000000f5580000, 0x00000000fb200000, 0x0000000100000000)
  eden space 27136K, 100% used [0x00000000f5580000,0x00000000f7000000,0x00000000f7000000)
  from space 33280K, 0% used [0x00000000f7000000,0x00000000f7000000,0x00000000f9080000)
  to   space 15360K, 0% used [0x00000000f9080000,0x00000000f9080000,0x00000000f9f80000)
 ParOldGen       total 349696K, used 349695K [0x00000000e0000000, 0x00000000f5580000, 0x00000000f5580000)
  object space 349696K, 99% used [0x00000000e0000000,0x00000000f557fc70,0x00000000f5580000)
 Metaspace       used 57456K, committed 58496K, reserved 1105920K
  class space    used 5672K, committed 6144K, reserved 1048576K
}
Event: 1610.112 GC heap after
{Heap after GC invocations=1285 (full 1182):
 PSYoungGen      total 42496K, used 27135K [0x00000000f5580000, 0x00000000fb200000, 0x0000000100000000)
  eden space 27136K, 99% used [0x00000000f5580000,0x00000000f6ffffc0,0x00000000f7000000)
  from space 15360K, 0% used [0x00000000f9080000,0x00000000f9080000,0x00000000f9f80000)
  to   space 33280K, 0% used [0x00000000f7000000,0x00000000f7000000,0x00000000f9080000)
 ParOldGen       total 349696K, used 349695K [0x00000000e0000000, 0x00000000f5580000, 0x00000000f5580000)
  object space 349696K, 99% used [0x00000000e0000000,0x00000000f557fc70,0x00000000f5580000)
 Metaspace       used 57456K, committed 58496K, reserved 1105920K
  class space    used 5672K, committed 6144K, reserved 1048576K
}
Event: 1610.112 GC heap before
{Heap before GC invocations=1286 (full 1183):
 PSYoungGen      total 42496K, used 27135K [0x00000000f5580000, 0x00000000fb200000, 0x0000000100000000)
  eden space 27136K, 99% used [0x00000000f5580000,0x00000000f6ffffd8,0x00000000f7000000)
  from space 15360K, 0% used [0x00000000f9080000,0x00000000f9080000,0x00000000f9f80000)
  to   space 33280K, 0% used [0x00000000f7000000,0x00000000f7000000,0x00000000f9080000)
 ParOldGen       total 349696K, used 349695K [0x00000000e0000000, 0x00000000f5580000, 0x00000000f5580000)
  object space 349696K, 99% used [0x00000000e0000000,0x00000000f557fc70,0x00000000f5580000)
 Metaspace       used 57456K, committed 58496K, reserved 1105920K
  class space    used 5672K, committed 6144K, reserved 1048576K
}
Event: 1611.384 GC heap after
{Heap after GC invocations=1286 (full 1183):
 PSYoungGen      total 60416K, used 27135K [0x00000000f5580000, 0x00000000fb200000, 0x0000000100000000)
  eden space 27136K, 99% used [0x00000000f5580000,0x00000000f6ffffd8,0x00000000f7000000)
  from space 33280K, 0% used [0x00000000f7000000,0x00000000f7000000,0x00000000f9080000)
  to   space 15360K, 0% used [0x00000000f9080000,0x00000000f9080000,0x00000000f9f80000)
 ParOldGen       total 349696K, used 349695K [0x00000000e0000000, 0x00000000f5580000, 0x00000000f5580000)
  object space 349696K, 99% used [0x00000000e0000000,0x00000000f557fc70,0x00000000f5580000)
 Metaspace       used 57456K, committed 58496K, reserved 1105920K
  class space    used 5672K, committed 6144K, reserved 1048576K
}
Event: 1611.385 GC heap before
{Heap before GC invocations=1287 (full 1184):
 PSYoungGen      total 60416K, used 27135K [0x00000000f5580000, 0x00000000fb200000, 0x0000000100000000)
  eden space 27136K, 99% used [0x00000000f5580000,0x00000000f6ffffd8,0x00000000f7000000)
  from space 33280K, 0% used [0x00000000f7000000,0x00000000f7000000,0x00000000f9080000)
  to   space 15360K, 0% used [0x00000000f9080000,0x00000000f9080000,0x00000000f9f80000)
 ParOldGen       total 349696K, used 349695K [0x00000000e0000000, 0x00000000f5580000, 0x00000000f5580000)
  object space 349696K, 99% used [0x00000000e0000000,0x00000000f557fc70,0x00000000f5580000)
 Metaspace       used 57456K, committed 58496K, reserved 1105920K
  class space    used 5672K, committed 6144K, reserved 1048576K
}
Event: 1612.547 GC heap after
{Heap after GC invocations=1287 (full 1184):
 PSYoungGen      total 42496K, used 27135K [0x00000000f5580000, 0x00000000fb200000, 0x0000000100000000)
  eden space 27136K, 99% used [0x00000000f5580000,0x00000000f6ffffd8,0x00000000f7000000)
  from space 15360K, 0% used [0x00000000f9080000,0x00000000f9080000,0x00000000f9f80000)
  to   space 33280K, 0% used [0x00000000f7000000,0x00000000f7000000,0x00000000f9080000)
 ParOldGen       total 349696K, used 349695K [0x00000000e0000000, 0x00000000f5580000, 0x00000000f5580000)
  object space 349696K, 99% used [0x00000000e0000000,0x00000000f557fc70,0x00000000f5580000)
 Metaspace       used 57456K, committed 58496K, reserved 1105920K
  class space    used 5672K, committed 6144K, reserved 1048576K
}
Event: 1612.548 GC heap before
{Heap before GC invocations=1288 (full 1185):
 PSYoungGen      total 42496K, used 27135K [0x00000000f5580000, 0x00000000fb200000, 0x0000000100000000)
  eden space 27136K, 99% used [0x00000000f5580000,0x00000000f6fffff8,0x00000000f7000000)
  from space 15360K, 0% used [0x00000000f9080000,0x00000000f9080000,0x00000000f9f80000)
  to   space 33280K, 0% used [0x00000000f7000000,0x00000000f7000000,0x00000000f9080000)
 ParOldGen       total 349696K, used 349695K [0x00000000e0000000, 0x00000000f5580000, 0x00000000f5580000)
  object space 349696K, 99% used [0x00000000e0000000,0x00000000f557fc70,0x00000000f5580000)
 Metaspace       used 57456K, committed 58496K, reserved 1105920K
  class space    used 5672K, committed 6144K, reserved 1048576K
}
Event: 1613.809 GC heap after
{Heap after GC invocations=1288 (full 1185):
 PSYoungGen      total 60416K, used 27135K [0x00000000f5580000, 0x00000000fb200000, 0x0000000100000000)
  eden space 27136K, 99% used [0x00000000f5580000,0x00000000f6ffffd8,0x00000000f7000000)
  from space 33280K, 0% used [0x00000000f7000000,0x00000000f7000000,0x00000000f9080000)
  to   space 15360K, 0% used [0x00000000f9080000,0x00000000f9080000,0x00000000f9f80000)
 ParOldGen       total 349696K, used 349694K [0x00000000e0000000, 0x00000000f5580000, 0x00000000f5580000)
  object space 349696K, 99% used [0x00000000e0000000,0x00000000f557f9a0,0x00000000f5580000)
 Metaspace       used 57456K, committed 58496K, reserved 1105920K
  class space    used 5672K, committed 6144K, reserved 1048576K
}
Event: 1613.809 GC heap before
{Heap before GC invocations=1289 (full 1186):
 PSYoungGen      total 60416K, used 27135K [0x00000000f5580000, 0x00000000fb200000, 0x0000000100000000)
  eden space 27136K, 99% used [0x00000000f5580000,0x00000000f6ffffd8,0x00000000f7000000)
  from space 33280K, 0% used [0x00000000f7000000,0x00000000f7000000,0x00000000f9080000)
  to   space 15360K, 0% used [0x00000000f9080000,0x00000000f9080000,0x00000000f9f80000)
 ParOldGen       total 349696K, used 349694K [0x00000000e0000000, 0x00000000f5580000, 0x00000000f5580000)
  object space 349696K, 99% used [0x00000000e0000000,0x00000000f557f9a0,0x00000000f5580000)
 Metaspace       used 57456K, committed 58496K, reserved 1105920K
  class space    used 5672K, committed 6144K, reserved 1048576K
}
Event: 1615.075 GC heap after
{Heap after GC invocations=1289 (full 1186):
 PSYoungGen      total 42496K, used 27135K [0x00000000f5580000, 0x00000000fb200000, 0x0000000100000000)
  eden space 27136K, 99% used [0x00000000f5580000,0x00000000f6ffffd8,0x00000000f7000000)
  from space 15360K, 0% used [0x00000000f9080000,0x00000000f9080000,0x00000000f9f80000)
  to   space 33280K, 0% used [0x00000000f7000000,0x00000000f7000000,0x00000000f9080000)
 ParOldGen       total 349696K, used 349694K [0x00000000e0000000, 0x00000000f5580000, 0x00000000f5580000)
  object space 349696K, 99% used [0x00000000e0000000,0x00000000f557f9a0,0x00000000f5580000)
 Metaspace       used 57456K, committed 58496K, reserved 1105920K
  class space    used 5672K, committed 6144K, reserved 1048576K
}

